     1                                  ; lab4.asm
     2                                  SECTION .data ; Начало секции данных
     3 00000000 D0A1D0B0D0B1D180D0-     hello: DB 'Сабралиева Марворид',10 ; 'Сабралиева Марворид' плюс
     3 00000009 B0D0BBD0B8D0B5D0B2-
     3 00000012 D0B020D09CD0B0D180-
     3 0000001B D0B2D0BED180D0B8D0-
     3 00000024 B40A               
     4                                  ; символ перевода строки
     5                                  lab4Len: EQU $-lab4 ; Длина строки lab4
     5          ******************       error: symbol `lab4' not defined
     6                                  SECTION .text ; Начало секции кода
     7                                  GLOBAL _start
     8                                  _start: ; Точка входа в программу
     9 00000000 B804000000              mov eax,4 ; Системный вызов для записи (sys_write)
    10 00000005 BB01000000              mov ebx,1 ; Описатель файла '1' - стандартный вывод
    11                                  mov ecx,lab4 ; Адрес строки lab4 в ecx
    11          ******************       error: symbol `lab4' not defined
    12 0000000A BA00000000              mov edx,lab4Len ; Размер строки lab4
    13 0000000F CD80                    int 80h ; Вызов ядра
    14 00000011 B801000000              mov eax,1 ; Системный вызов для выхода (sys_exit)
    15 00000016 BB00000000              mov ebx,0 ; Выход с кодом возврата '0' (без ошибок)
    16 0000001B CD80                    int 80h ; Вызов ядра
